D:\DOCUMENTS\VISUAL STUDIO 2010\PROJECTS\OSFILEDESIGN\DEBUG\OSFILEDESIGN.EXE
D:\DOCUMENTS\VISUAL STUDIO 2010\PROJECTS\OSFILEDESIGN\DEBUG\OSFILEDESIGN.ILK
D:\DOCUMENTS\VISUAL STUDIO 2010\PROJECTS\OSFILEDESIGN\DEBUG\OSFILEDESIGN.PDB
D:\DOCUMENTS\VISUAL STUDIO 2010\PROJECTS\OSFILEDESIGN\OSFILEDESIGN\DEBUG\ATHOURITY.OBJ
D:\DOCUMENTS\VISUAL STUDIO 2010\PROJECTS\OSFILEDESIGN\OSFILEDESIGN\DEBUG\AUTHOURITY.OBJ
D:\DOCUMENTS\VISUAL STUDIO 2010\PROJECTS\OSFILEDESIGN\OSFILEDESIGN\DEBUG\BLOCK.OBJ
d:\documents\visual studio 2010\Projects\OSFileDesign\OSFileDesign\Debug\cl.command.1.tlog
d:\documents\visual studio 2010\Projects\OSFileDesign\OSFileDesign\Debug\CL.read.1.tlog
d:\documents\visual studio 2010\Projects\OSFileDesign\OSFileDesign\Debug\CL.write.1.tlog
D:\DOCUMENTS\VISUAL STUDIO 2010\PROJECTS\OSFILEDESIGN\OSFILEDESIGN\DEBUG\DATABLOCK.OBJ
D:\DOCUMENTS\VISUAL STUDIO 2010\PROJECTS\OSFILEDESIGN\OSFILEDESIGN\DEBUG\DIRECTORYTREE.OBJ
D:\DOCUMENTS\VISUAL STUDIO 2010\PROJECTS\OSFILEDESIGN\OSFILEDESIGN\DEBUG\FILE.OBJ
D:\DOCUMENTS\VISUAL STUDIO 2010\PROJECTS\OSFILEDESIGN\OSFILEDESIGN\DEBUG\FILESYSTEM.OBJ
D:\DOCUMENTS\VISUAL STUDIO 2010\PROJECTS\OSFILEDESIGN\OSFILEDESIGN\DEBUG\INODE.OBJ
D:\DOCUMENTS\VISUAL STUDIO 2010\PROJECTS\OSFILEDESIGN\OSFILEDESIGN\DEBUG\INODEBLOCK.OBJ
d:\documents\visual studio 2010\Projects\OSFileDesign\OSFileDesign\Debug\link.10216.read.1.tlog
d:\documents\visual studio 2010\Projects\OSFileDesign\OSFileDesign\Debug\link.10216.write.1.tlog
d:\documents\visual studio 2010\Projects\OSFileDesign\OSFileDesign\Debug\link.10216-cvtres.read.1.tlog
d:\documents\visual studio 2010\Projects\OSFileDesign\OSFileDesign\Debug\link.10216-cvtres.write.1.tlog
d:\documents\visual studio 2010\Projects\OSFileDesign\OSFileDesign\Debug\link.1052.read.1.tlog
d:\documents\visual studio 2010\Projects\OSFileDesign\OSFileDesign\Debug\link.1052.write.1.tlog
d:\documents\visual studio 2010\Projects\OSFileDesign\OSFileDesign\Debug\link.1052-cvtres.read.1.tlog
d:\documents\visual studio 2010\Projects\OSFileDesign\OSFileDesign\Debug\link.1052-cvtres.write.1.tlog
d:\documents\visual studio 2010\Projects\OSFileDesign\OSFileDesign\Debug\link.1108.read.1.tlog
d:\documents\visual studio 2010\Projects\OSFileDesign\OSFileDesign\Debug\link.1108.write.1.tlog
d:\documents\visual studio 2010\Projects\OSFileDesign\OSFileDesign\Debug\link.1108-cvtres.read.1.tlog
d:\documents\visual studio 2010\Projects\OSFileDesign\OSFileDesign\Debug\link.1108-cvtres.write.1.tlog
d:\documents\visual studio 2010\Projects\OSFileDesign\OSFileDesign\Debug\link.1964.read.1.tlog
d:\documents\visual studio 2010\Projects\OSFileDesign\OSFileDesign\Debug\link.1964.write.1.tlog
d:\documents\visual studio 2010\Projects\OSFileDesign\OSFileDesign\Debug\link.1964-cvtres.read.1.tlog
d:\documents\visual studio 2010\Projects\OSFileDesign\OSFileDesign\Debug\link.1964-cvtres.write.1.tlog
d:\documents\visual studio 2010\Projects\OSFileDesign\OSFileDesign\Debug\link.20840.read.1.tlog
d:\documents\visual studio 2010\Projects\OSFileDesign\OSFileDesign\Debug\link.20840.write.1.tlog
d:\documents\visual studio 2010\Projects\OSFileDesign\OSFileDesign\Debug\link.20840-cvtres.read.1.tlog
d:\documents\visual studio 2010\Projects\OSFileDesign\OSFileDesign\Debug\link.20840-cvtres.write.1.tlog
d:\documents\visual studio 2010\Projects\OSFileDesign\OSFileDesign\Debug\link.2496.read.1.tlog
d:\documents\visual studio 2010\Projects\OSFileDesign\OSFileDesign\Debug\link.2496.write.1.tlog
d:\documents\visual studio 2010\Projects\OSFileDesign\OSFileDesign\Debug\link.2496-cvtres.read.1.tlog
d:\documents\visual studio 2010\Projects\OSFileDesign\OSFileDesign\Debug\link.2496-cvtres.write.1.tlog
d:\documents\visual studio 2010\Projects\OSFileDesign\OSFileDesign\Debug\link.3156.read.1.tlog
d:\documents\visual studio 2010\Projects\OSFileDesign\OSFileDesign\Debug\link.3156.write.1.tlog
d:\documents\visual studio 2010\Projects\OSFileDesign\OSFileDesign\Debug\link.3156-cvtres.read.1.tlog
d:\documents\visual studio 2010\Projects\OSFileDesign\OSFileDesign\Debug\link.3156-cvtres.write.1.tlog
d:\documents\visual studio 2010\Projects\OSFileDesign\OSFileDesign\Debug\link.3768.read.1.tlog
d:\documents\visual studio 2010\Projects\OSFileDesign\OSFileDesign\Debug\link.3768.write.1.tlog
d:\documents\visual studio 2010\Projects\OSFileDesign\OSFileDesign\Debug\link.3768-cvtres.read.1.tlog
d:\documents\visual studio 2010\Projects\OSFileDesign\OSFileDesign\Debug\link.3768-cvtres.write.1.tlog
d:\documents\visual studio 2010\Projects\OSFileDesign\OSFileDesign\Debug\link.4044.read.1.tlog
d:\documents\visual studio 2010\Projects\OSFileDesign\OSFileDesign\Debug\link.4044.write.1.tlog
d:\documents\visual studio 2010\Projects\OSFileDesign\OSFileDesign\Debug\link.4044-cvtres.read.1.tlog
d:\documents\visual studio 2010\Projects\OSFileDesign\OSFileDesign\Debug\link.4044-cvtres.write.1.tlog
d:\documents\visual studio 2010\Projects\OSFileDesign\OSFileDesign\Debug\link.4184.read.1.tlog
d:\documents\visual studio 2010\Projects\OSFileDesign\OSFileDesign\Debug\link.4184.write.1.tlog
d:\documents\visual studio 2010\Projects\OSFileDesign\OSFileDesign\Debug\link.4184-cvtres.read.1.tlog
d:\documents\visual studio 2010\Projects\OSFileDesign\OSFileDesign\Debug\link.4184-cvtres.write.1.tlog
d:\documents\visual studio 2010\Projects\OSFileDesign\OSFileDesign\Debug\link.5444.read.1.tlog
d:\documents\visual studio 2010\Projects\OSFileDesign\OSFileDesign\Debug\link.5444.write.1.tlog
d:\documents\visual studio 2010\Projects\OSFileDesign\OSFileDesign\Debug\link.5444-cvtres.read.1.tlog
d:\documents\visual studio 2010\Projects\OSFileDesign\OSFileDesign\Debug\link.5444-cvtres.write.1.tlog
d:\documents\visual studio 2010\Projects\OSFileDesign\OSFileDesign\Debug\link.5604.read.1.tlog
d:\documents\visual studio 2010\Projects\OSFileDesign\OSFileDesign\Debug\link.5604.write.1.tlog
d:\documents\visual studio 2010\Projects\OSFileDesign\OSFileDesign\Debug\link.5604-cvtres.read.1.tlog
d:\documents\visual studio 2010\Projects\OSFileDesign\OSFileDesign\Debug\link.5604-cvtres.write.1.tlog
d:\documents\visual studio 2010\Projects\OSFileDesign\OSFileDesign\Debug\link.5720.read.1.tlog
d:\documents\visual studio 2010\Projects\OSFileDesign\OSFileDesign\Debug\link.5720.write.1.tlog
d:\documents\visual studio 2010\Projects\OSFileDesign\OSFileDesign\Debug\link.5720-cvtres.read.1.tlog
d:\documents\visual studio 2010\Projects\OSFileDesign\OSFileDesign\Debug\link.5720-cvtres.write.1.tlog
d:\documents\visual studio 2010\Projects\OSFileDesign\OSFileDesign\Debug\link.5776.read.1.tlog
d:\documents\visual studio 2010\Projects\OSFileDesign\OSFileDesign\Debug\link.5776.write.1.tlog
d:\documents\visual studio 2010\Projects\OSFileDesign\OSFileDesign\Debug\link.5776-cvtres.read.1.tlog
d:\documents\visual studio 2010\Projects\OSFileDesign\OSFileDesign\Debug\link.5776-cvtres.write.1.tlog
d:\documents\visual studio 2010\Projects\OSFileDesign\OSFileDesign\Debug\link.6112.read.1.tlog
d:\documents\visual studio 2010\Projects\OSFileDesign\OSFileDesign\Debug\link.6112.write.1.tlog
d:\documents\visual studio 2010\Projects\OSFileDesign\OSFileDesign\Debug\link.6112-cvtres.read.1.tlog
d:\documents\visual studio 2010\Projects\OSFileDesign\OSFileDesign\Debug\link.6112-cvtres.write.1.tlog
d:\documents\visual studio 2010\Projects\OSFileDesign\OSFileDesign\Debug\link.6252.read.1.tlog
d:\documents\visual studio 2010\Projects\OSFileDesign\OSFileDesign\Debug\link.6252.write.1.tlog
d:\documents\visual studio 2010\Projects\OSFileDesign\OSFileDesign\Debug\link.6252-cvtres.read.1.tlog
d:\documents\visual studio 2010\Projects\OSFileDesign\OSFileDesign\Debug\link.6252-cvtres.write.1.tlog
d:\documents\visual studio 2010\Projects\OSFileDesign\OSFileDesign\Debug\link.6332.read.1.tlog
d:\documents\visual studio 2010\Projects\OSFileDesign\OSFileDesign\Debug\link.6332.write.1.tlog
d:\documents\visual studio 2010\Projects\OSFileDesign\OSFileDesign\Debug\link.6332-cvtres.read.1.tlog
d:\documents\visual studio 2010\Projects\OSFileDesign\OSFileDesign\Debug\link.6332-cvtres.write.1.tlog
d:\documents\visual studio 2010\Projects\OSFileDesign\OSFileDesign\Debug\link.6568.read.1.tlog
d:\documents\visual studio 2010\Projects\OSFileDesign\OSFileDesign\Debug\link.6568.write.1.tlog
d:\documents\visual studio 2010\Projects\OSFileDesign\OSFileDesign\Debug\link.6568-cvtres.read.1.tlog
d:\documents\visual studio 2010\Projects\OSFileDesign\OSFileDesign\Debug\link.6568-cvtres.write.1.tlog
d:\documents\visual studio 2010\Projects\OSFileDesign\OSFileDesign\Debug\link.6588.read.1.tlog
d:\documents\visual studio 2010\Projects\OSFileDesign\OSFileDesign\Debug\link.6588.write.1.tlog
d:\documents\visual studio 2010\Projects\OSFileDesign\OSFileDesign\Debug\link.6588-cvtres.read.1.tlog
d:\documents\visual studio 2010\Projects\OSFileDesign\OSFileDesign\Debug\link.6588-cvtres.write.1.tlog
d:\documents\visual studio 2010\Projects\OSFileDesign\OSFileDesign\Debug\link.6632.read.1.tlog
d:\documents\visual studio 2010\Projects\OSFileDesign\OSFileDesign\Debug\link.6632.write.1.tlog
d:\documents\visual studio 2010\Projects\OSFileDesign\OSFileDesign\Debug\link.6632-cvtres.read.1.tlog
d:\documents\visual studio 2010\Projects\OSFileDesign\OSFileDesign\Debug\link.6632-cvtres.write.1.tlog
d:\documents\visual studio 2010\Projects\OSFileDesign\OSFileDesign\Debug\link.6972.read.1.tlog
d:\documents\visual studio 2010\Projects\OSFileDesign\OSFileDesign\Debug\link.6972.write.1.tlog
d:\documents\visual studio 2010\Projects\OSFileDesign\OSFileDesign\Debug\link.6972-cvtres.read.1.tlog
d:\documents\visual studio 2010\Projects\OSFileDesign\OSFileDesign\Debug\link.6972-cvtres.write.1.tlog
d:\documents\visual studio 2010\Projects\OSFileDesign\OSFileDesign\Debug\link.7024.read.1.tlog
d:\documents\visual studio 2010\Projects\OSFileDesign\OSFileDesign\Debug\link.7024.write.1.tlog
d:\documents\visual studio 2010\Projects\OSFileDesign\OSFileDesign\Debug\link.7024-cvtres.read.1.tlog
d:\documents\visual studio 2010\Projects\OSFileDesign\OSFileDesign\Debug\link.7024-cvtres.write.1.tlog
d:\documents\visual studio 2010\Projects\OSFileDesign\OSFileDesign\Debug\link.7060.read.1.tlog
d:\documents\visual studio 2010\Projects\OSFileDesign\OSFileDesign\Debug\link.7060.write.1.tlog
d:\documents\visual studio 2010\Projects\OSFileDesign\OSFileDesign\Debug\link.7060-cvtres.read.1.tlog
d:\documents\visual studio 2010\Projects\OSFileDesign\OSFileDesign\Debug\link.7060-cvtres.write.1.tlog
d:\documents\visual studio 2010\Projects\OSFileDesign\OSFileDesign\Debug\link.7216.read.1.tlog
d:\documents\visual studio 2010\Projects\OSFileDesign\OSFileDesign\Debug\link.7216.write.1.tlog
d:\documents\visual studio 2010\Projects\OSFileDesign\OSFileDesign\Debug\link.7216-cvtres.read.1.tlog
d:\documents\visual studio 2010\Projects\OSFileDesign\OSFileDesign\Debug\link.7216-cvtres.write.1.tlog
d:\documents\visual studio 2010\Projects\OSFileDesign\OSFileDesign\Debug\link.7232.read.1.tlog
d:\documents\visual studio 2010\Projects\OSFileDesign\OSFileDesign\Debug\link.7232.write.1.tlog
d:\documents\visual studio 2010\Projects\OSFileDesign\OSFileDesign\Debug\link.7232-cvtres.read.1.tlog
d:\documents\visual studio 2010\Projects\OSFileDesign\OSFileDesign\Debug\link.7232-cvtres.write.1.tlog
d:\documents\visual studio 2010\Projects\OSFileDesign\OSFileDesign\Debug\link.7240.read.1.tlog
d:\documents\visual studio 2010\Projects\OSFileDesign\OSFileDesign\Debug\link.7240.write.1.tlog
d:\documents\visual studio 2010\Projects\OSFileDesign\OSFileDesign\Debug\link.7240-cvtres.read.1.tlog
d:\documents\visual studio 2010\Projects\OSFileDesign\OSFileDesign\Debug\link.7240-cvtres.write.1.tlog
d:\documents\visual studio 2010\Projects\OSFileDesign\OSFileDesign\Debug\link.7304.read.1.tlog
d:\documents\visual studio 2010\Projects\OSFileDesign\OSFileDesign\Debug\link.7304.write.1.tlog
d:\documents\visual studio 2010\Projects\OSFileDesign\OSFileDesign\Debug\link.7304-cvtres.read.1.tlog
d:\documents\visual studio 2010\Projects\OSFileDesign\OSFileDesign\Debug\link.7304-cvtres.write.1.tlog
d:\documents\visual studio 2010\Projects\OSFileDesign\OSFileDesign\Debug\link.8440.read.1.tlog
d:\documents\visual studio 2010\Projects\OSFileDesign\OSFileDesign\Debug\link.8440.write.1.tlog
d:\documents\visual studio 2010\Projects\OSFileDesign\OSFileDesign\Debug\link.8440-cvtres.read.1.tlog
d:\documents\visual studio 2010\Projects\OSFileDesign\OSFileDesign\Debug\link.8440-cvtres.write.1.tlog
d:\documents\visual studio 2010\Projects\OSFileDesign\OSFileDesign\Debug\link.9012.read.1.tlog
d:\documents\visual studio 2010\Projects\OSFileDesign\OSFileDesign\Debug\link.9012.write.1.tlog
d:\documents\visual studio 2010\Projects\OSFileDesign\OSFileDesign\Debug\link.9012-cvtres.read.1.tlog
d:\documents\visual studio 2010\Projects\OSFileDesign\OSFileDesign\Debug\link.9012-cvtres.write.1.tlog
d:\documents\visual studio 2010\Projects\OSFileDesign\OSFileDesign\Debug\link.command.1.tlog
d:\documents\visual studio 2010\Projects\OSFileDesign\OSFileDesign\Debug\link.read.1.tlog
d:\documents\visual studio 2010\Projects\OSFileDesign\OSFileDesign\Debug\link.write.1.tlog
d:\documents\visual studio 2010\Projects\OSFileDesign\OSFileDesign\Debug\link-cvtres.read.1.tlog
d:\documents\visual studio 2010\Projects\OSFileDesign\OSFileDesign\Debug\link-cvtres.write.1.tlog
D:\DOCUMENTS\VISUAL STUDIO 2010\PROJECTS\OSFILEDESIGN\OSFILEDESIGN\DEBUG\MAIN.OBJ
d:\documents\visual studio 2010\Projects\OSFileDesign\OSFileDesign\Debug\mt.command.1.tlog
d:\documents\visual studio 2010\Projects\OSFileDesign\OSFileDesign\Debug\mt.read.1.tlog
d:\documents\visual studio 2010\Projects\OSFileDesign\OSFileDesign\Debug\mt.write.1.tlog
D:\DOCUMENTS\VISUAL STUDIO 2010\PROJECTS\OSFILEDESIGN\OSFILEDESIGN\DEBUG\MYDIRECTORY.OBJ
D:\DOCUMENTS\VISUAL STUDIO 2010\PROJECTS\OSFILEDESIGN\OSFILEDESIGN\DEBUG\OSFILEDESIGN.EXE.EMBED.MANIFEST
D:\DOCUMENTS\VISUAL STUDIO 2010\PROJECTS\OSFILEDESIGN\OSFILEDESIGN\DEBUG\OSFILEDESIGN.EXE.EMBED.MANIFEST.RES
D:\DOCUMENTS\VISUAL STUDIO 2010\PROJECTS\OSFILEDESIGN\OSFILEDESIGN\DEBUG\OSFILEDESIGN.EXE.INTERMEDIATE.MANIFEST
d:\documents\visual studio 2010\Projects\OSFileDesign\OSFileDesign\Debug\OSFileDesign_manifest.rc
d:\documents\visual studio 2010\Projects\OSFileDesign\OSFileDesign\Debug\rc.command.1.tlog
d:\documents\visual studio 2010\Projects\OSFileDesign\OSFileDesign\Debug\rc.read.1.tlog
d:\documents\visual studio 2010\Projects\OSFileDesign\OSFileDesign\Debug\rc.write.1.tlog
D:\DOCUMENTS\VISUAL STUDIO 2010\PROJECTS\OSFILEDESIGN\OSFILEDESIGN\DEBUG\SUPERBLOCK.OBJ
d:\documents\visual studio 2010\Projects\OSFileDesign\OSFileDesign\Debug\vc100.idb
D:\DOCUMENTS\VISUAL STUDIO 2010\PROJECTS\OSFILEDESIGN\OSFILEDESIGN\DEBUG\VC100.PDB
